
GPIO.elf: formato do arquivo elf32-avr

Seções:
Idx Tamanho do Nome do Arquivo VMA LMA sem Algn
  0 .data         00000008  00800200  00000aa6  00000b3a  2**0
                  CONTENTS, ALLOC, LOAD, DATA
  1 .text         00000aa6  00000000  00000000  00000094  2**1
                  CONTENTS, ALLOC, LOAD, READONLY, CODE
  2 .bss          00000014  00800208  00800208  00000b42  2**0
                  ALLOC
  3 .stab         00002c70  00000000  00000000  00000b44  2**2
                  CONTENTS, READONLY, DEBUGGING
  4 .stabstr      000013a4  00000000  00000000  000037b4  2**0
                  CONTENTS, READONLY, DEBUGGING
  5 .comment      00000011  00000000  00000000  00004b58  2**0
                  CONTENTS, READONLY

Desmontagem da seção .text:

00000000 <__vectors>:
   0:	81 c0       	rjmp	.+258    	; 0x104 <__dtors_end>
   2:	00 00       	nop
   4:	ad c0       	rjmp	.+346    	; 0x160 <__bad_interrupt>
   6:	00 00       	nop
   8:	ab c0       	rjmp	.+342    	; 0x160 <__bad_interrupt>
   a:	00 00       	nop
   c:	a9 c0       	rjmp	.+338    	; 0x160 <__bad_interrupt>
   e:	00 00       	nop
  10:	a7 c0       	rjmp	.+334    	; 0x160 <__bad_interrupt>
  12:	00 00       	nop
  14:	a5 c0       	rjmp	.+330    	; 0x160 <__bad_interrupt>
  16:	00 00       	nop
  18:	a3 c0       	rjmp	.+326    	; 0x160 <__bad_interrupt>
  1a:	00 00       	nop
  1c:	a1 c0       	rjmp	.+322    	; 0x160 <__bad_interrupt>
  1e:	00 00       	nop
  20:	9f c0       	rjmp	.+318    	; 0x160 <__bad_interrupt>
  22:	00 00       	nop
  24:	9d c0       	rjmp	.+314    	; 0x160 <__bad_interrupt>
  26:	00 00       	nop
  28:	9b c0       	rjmp	.+310    	; 0x160 <__bad_interrupt>
  2a:	00 00       	nop
  2c:	99 c0       	rjmp	.+306    	; 0x160 <__bad_interrupt>
  2e:	00 00       	nop
  30:	97 c0       	rjmp	.+302    	; 0x160 <__bad_interrupt>
  32:	00 00       	nop
  34:	95 c0       	rjmp	.+298    	; 0x160 <__bad_interrupt>
  36:	00 00       	nop
  38:	93 c0       	rjmp	.+294    	; 0x160 <__bad_interrupt>
  3a:	00 00       	nop
  3c:	91 c0       	rjmp	.+290    	; 0x160 <__bad_interrupt>
  3e:	00 00       	nop
  40:	8f c0       	rjmp	.+286    	; 0x160 <__bad_interrupt>
  42:	00 00       	nop
  44:	8d c0       	rjmp	.+282    	; 0x160 <__bad_interrupt>
  46:	00 00       	nop
  48:	8b c0       	rjmp	.+278    	; 0x160 <__bad_interrupt>
  4a:	00 00       	nop
  4c:	89 c0       	rjmp	.+274    	; 0x160 <__bad_interrupt>
  4e:	00 00       	nop
  50:	87 c0       	rjmp	.+270    	; 0x160 <__bad_interrupt>
  52:	00 00       	nop
  54:	85 c0       	rjmp	.+266    	; 0x160 <__bad_interrupt>
  56:	00 00       	nop
  58:	83 c0       	rjmp	.+262    	; 0x160 <__bad_interrupt>
  5a:	00 00       	nop
  5c:	81 c0       	rjmp	.+258    	; 0x160 <__bad_interrupt>
  5e:	00 00       	nop
  60:	7f c0       	rjmp	.+254    	; 0x160 <__bad_interrupt>
  62:	00 00       	nop
  64:	7d c0       	rjmp	.+250    	; 0x160 <__bad_interrupt>
  66:	00 00       	nop
  68:	7b c0       	rjmp	.+246    	; 0x160 <__bad_interrupt>
  6a:	00 00       	nop
  6c:	79 c0       	rjmp	.+242    	; 0x160 <__bad_interrupt>
  6e:	00 00       	nop
  70:	77 c0       	rjmp	.+238    	; 0x160 <__bad_interrupt>
  72:	00 00       	nop
  74:	75 c0       	rjmp	.+234    	; 0x160 <__bad_interrupt>
  76:	00 00       	nop
  78:	73 c0       	rjmp	.+230    	; 0x160 <__bad_interrupt>
  7a:	00 00       	nop
  7c:	71 c0       	rjmp	.+226    	; 0x160 <__bad_interrupt>
  7e:	00 00       	nop
  80:	6f c0       	rjmp	.+222    	; 0x160 <__bad_interrupt>
  82:	00 00       	nop
  84:	6d c0       	rjmp	.+218    	; 0x160 <__bad_interrupt>
  86:	00 00       	nop
  88:	6b c0       	rjmp	.+214    	; 0x160 <__bad_interrupt>
  8a:	00 00       	nop
  8c:	69 c0       	rjmp	.+210    	; 0x160 <__bad_interrupt>
  8e:	00 00       	nop
  90:	67 c0       	rjmp	.+206    	; 0x160 <__bad_interrupt>
  92:	00 00       	nop
  94:	65 c0       	rjmp	.+202    	; 0x160 <__bad_interrupt>
  96:	00 00       	nop
  98:	63 c0       	rjmp	.+198    	; 0x160 <__bad_interrupt>
  9a:	00 00       	nop
  9c:	61 c0       	rjmp	.+194    	; 0x160 <__bad_interrupt>
  9e:	00 00       	nop
  a0:	5f c0       	rjmp	.+190    	; 0x160 <__bad_interrupt>
  a2:	00 00       	nop
  a4:	5d c0       	rjmp	.+186    	; 0x160 <__bad_interrupt>
  a6:	00 00       	nop
  a8:	5b c0       	rjmp	.+182    	; 0x160 <__bad_interrupt>
  aa:	00 00       	nop
  ac:	59 c0       	rjmp	.+178    	; 0x160 <__bad_interrupt>
  ae:	00 00       	nop
  b0:	57 c0       	rjmp	.+174    	; 0x160 <__bad_interrupt>
  b2:	00 00       	nop
  b4:	55 c0       	rjmp	.+170    	; 0x160 <__bad_interrupt>
  b6:	00 00       	nop
  b8:	53 c0       	rjmp	.+166    	; 0x160 <__bad_interrupt>
  ba:	00 00       	nop
  bc:	51 c0       	rjmp	.+162    	; 0x160 <__bad_interrupt>
  be:	00 00       	nop
  c0:	4f c0       	rjmp	.+158    	; 0x160 <__bad_interrupt>
  c2:	00 00       	nop
  c4:	4d c0       	rjmp	.+154    	; 0x160 <__bad_interrupt>
  c6:	00 00       	nop
  c8:	4b c0       	rjmp	.+150    	; 0x160 <__bad_interrupt>
  ca:	00 00       	nop
  cc:	49 c0       	rjmp	.+146    	; 0x160 <__bad_interrupt>
  ce:	00 00       	nop
  d0:	47 c0       	rjmp	.+142    	; 0x160 <__bad_interrupt>
  d2:	00 00       	nop
  d4:	45 c0       	rjmp	.+138    	; 0x160 <__bad_interrupt>
  d6:	00 00       	nop
  d8:	43 c0       	rjmp	.+134    	; 0x160 <__bad_interrupt>
  da:	00 00       	nop
  dc:	41 c0       	rjmp	.+130    	; 0x160 <__bad_interrupt>
  de:	00 00       	nop
  e0:	3f c0       	rjmp	.+126    	; 0x160 <__bad_interrupt>
  e2:	00 00       	nop
  e4:	d8 00       	.word	0x00d8	; ????
  e6:	d8 00       	.word	0x00d8	; ????
  e8:	f4 00       	.word	0x00f4	; ????
  ea:	f4 00       	.word	0x00f4	; ????
  ec:	13 01       	movw	r2, r6
  ee:	22 01       	movw	r4, r4
  f0:	31 01       	movw	r6, r2
  f2:	31 01       	movw	r6, r2
  f4:	31 01       	movw	r6, r2
  f6:	31 01       	movw	r6, r2
  f8:	50 01       	movw	r10, r0
  fa:	50 01       	movw	r10, r0
  fc:	50 01       	movw	r10, r0
  fe:	50 01       	movw	r10, r0

00000100 <__ctors_start>:
 100:	14 04       	cpc	r1, r4

00000102 <__ctors_end>:
 102:	20 04       	cpc	r2, r0

00000104 <__dtors_end>:
 104:	11 24       	eor	r1, r1
 106:	1f be       	out	0x3f, r1	; 63
 108:	cf ef       	ldi	r28, 0xFF	; 255
 10a:	d1 e2       	ldi	r29, 0x21	; 33
 10c:	de bf       	out	0x3e, r29	; 62
 10e:	cd bf       	out	0x3d, r28	; 61
 110:	00 e0       	ldi	r16, 0x00	; 0
 112:	0c bf       	out	0x3c, r16	; 60

00000114 <__do_copy_data>:
 114:	12 e0       	ldi	r17, 0x02	; 2
 116:	a0 e0       	ldi	r26, 0x00	; 0
 118:	b2 e0       	ldi	r27, 0x02	; 2
 11a:	e6 ea       	ldi	r30, 0xA6	; 166
 11c:	fa e0       	ldi	r31, 0x0A	; 10
 11e:	00 e0       	ldi	r16, 0x00	; 0
 120:	0b bf       	out	0x3b, r16	; 59
 122:	02 c0       	rjmp	.+4      	; 0x128 <__do_copy_data+0x14>
 124:	07 90       	elpm	r0, Z+
 126:	0d 92       	st	X+, r0
 128:	a8 30       	cpi	r26, 0x08	; 8
 12a:	b1 07       	cpc	r27, r17
 12c:	d9 f7       	brne	.-10     	; 0x124 <__do_copy_data+0x10>

0000012e <__do_clear_bss>:
 12e:	12 e0       	ldi	r17, 0x02	; 2
 130:	a8 e0       	ldi	r26, 0x08	; 8
 132:	b2 e0       	ldi	r27, 0x02	; 2
 134:	01 c0       	rjmp	.+2      	; 0x138 <.do_clear_bss_start>

00000136 <.do_clear_bss_loop>:
 136:	1d 92       	st	X+, r1

00000138 <.do_clear_bss_start>:
 138:	ac 31       	cpi	r26, 0x1C	; 28
 13a:	b1 07       	cpc	r27, r17
 13c:	e1 f7       	brne	.-8      	; 0x136 <.do_clear_bss_loop>

0000013e <__do_global_ctors>:
 13e:	11 e0       	ldi	r17, 0x01	; 1
 140:	c2 e0       	ldi	r28, 0x02	; 2
 142:	d1 e0       	ldi	r29, 0x01	; 1
 144:	00 e0       	ldi	r16, 0x00	; 0
 146:	05 c0       	rjmp	.+10     	; 0x152 <__do_global_ctors+0x14>
 148:	22 97       	sbiw	r28, 0x02	; 2
 14a:	01 09       	sbc	r16, r1
 14c:	fe 01       	movw	r30, r28
 14e:	0b bf       	out	0x3b, r16	; 59
 150:	89 d3       	rcall	.+1810   	; 0x864 <__tablejump_elpm__>
 152:	c0 30       	cpi	r28, 0x00	; 0
 154:	d1 07       	cpc	r29, r17
 156:	80 e0       	ldi	r24, 0x00	; 0
 158:	08 07       	cpc	r16, r24
 15a:	b1 f7       	brne	.-20     	; 0x148 <__do_global_ctors+0xa>
 15c:	92 d1       	rcall	.+804    	; 0x482 <main>
 15e:	92 c4       	rjmp	.+2340   	; 0xa84 <__do_global_dtors>

00000160 <__bad_interrupt>:
 160:	4f cf       	rjmp	.-354    	; 0x0 <__vectors>

00000162 <_ZN4GPIOC1EhNS_15PortDirection_tE>:
 */

#include <avr/io.h>
#include "GPIO.h"

GPIO::GPIO(uint8_t id, PortDirection_t dir):
 162:	cf 93       	push	r28
 164:	df 93       	push	r29
 166:	00 d0       	rcall	.+0      	; 0x168 <_ZN4GPIOC1EhNS_15PortDirection_tE+0x6>
 168:	1f 92       	push	r1
 16a:	cd b7       	in	r28, 0x3d	; 61
 16c:	de b7       	in	r29, 0x3e	; 62
 16e:	9a 83       	std	Y+2, r25	; 0x02
 170:	89 83       	std	Y+1, r24	; 0x01
 172:	6b 83       	std	Y+3, r22	; 0x03
 174:	4c 83       	std	Y+4, r20	; 0x04
_id(id)
 176:	89 81       	ldd	r24, Y+1	; 0x01
 178:	9a 81       	ldd	r25, Y+2	; 0x02
 17a:	2b 81       	ldd	r18, Y+3	; 0x03
 17c:	fc 01       	movw	r30, r24
 17e:	21 83       	std	Z+1, r18	; 0x01
{
	switch (_id) {
 180:	89 81       	ldd	r24, Y+1	; 0x01
 182:	9a 81       	ldd	r25, Y+2	; 0x02
 184:	fc 01       	movw	r30, r24
 186:	81 81       	ldd	r24, Z+1	; 0x01
 188:	88 2f       	mov	r24, r24
 18a:	90 e0       	ldi	r25, 0x00	; 0
 18c:	aa 27       	eor	r26, r26
 18e:	97 fd       	sbrc	r25, 7
 190:	a0 95       	com	r26
 192:	ba 2f       	mov	r27, r26
 194:	40 e0       	ldi	r20, 0x00	; 0
 196:	50 e0       	ldi	r21, 0x00	; 0
 198:	2d e0       	ldi	r18, 0x0D	; 13
 19a:	30 e0       	ldi	r19, 0x00	; 0
 19c:	84 1b       	sub	r24, r20
 19e:	95 0b       	sbc	r25, r21
 1a0:	28 17       	cp	r18, r24
 1a2:	39 07       	cpc	r19, r25
 1a4:	08 f4       	brcc	.+2      	; 0x1a8 <_ZN4GPIOC1EhNS_15PortDirection_tE+0x46>
 1a6:	98 c0       	rjmp	.+304    	; 0x2d8 <_ZN4GPIOC1EhNS_15PortDirection_tE+0x176>
 1a8:	8e 58       	subi	r24, 0x8E	; 142
 1aa:	9f 4f       	sbci	r25, 0xFF	; 255
 1ac:	fc 01       	movw	r30, r24
 1ae:	54 c3       	rjmp	.+1704   	; 0x858 <__tablejump2__>
 1b0:	89 81       	ldd	r24, Y+1	; 0x01
	case 0:
	case 1:
		_bit = (1 << _id);
 1b2:	9a 81       	ldd	r25, Y+2	; 0x02
 1b4:	fc 01       	movw	r30, r24
 1b6:	81 81       	ldd	r24, Z+1	; 0x01
 1b8:	28 2f       	mov	r18, r24
 1ba:	30 e0       	ldi	r19, 0x00	; 0
 1bc:	81 e0       	ldi	r24, 0x01	; 1
 1be:	90 e0       	ldi	r25, 0x00	; 0
 1c0:	02 c0       	rjmp	.+4      	; 0x1c6 <_ZN4GPIOC1EhNS_15PortDirection_tE+0x64>
 1c2:	88 0f       	add	r24, r24
 1c4:	99 1f       	adc	r25, r25
 1c6:	2a 95       	dec	r18
 1c8:	e2 f7       	brpl	.-8      	; 0x1c2 <_ZN4GPIOC1EhNS_15PortDirection_tE+0x60>
 1ca:	28 2f       	mov	r18, r24
 1cc:	89 81       	ldd	r24, Y+1	; 0x01
 1ce:	9a 81       	ldd	r25, Y+2	; 0x02
 1d0:	fc 01       	movw	r30, r24
 1d2:	20 83       	st	Z, r18
 1d4:	20 91 02 02 	lds	r18, 0x0202
		_Px = GPIO_PORT::PE;
 1d8:	30 91 03 02 	lds	r19, 0x0203
 1dc:	89 81       	ldd	r24, Y+1	; 0x01
 1de:	9a 81       	ldd	r25, Y+2	; 0x02
 1e0:	fc 01       	movw	r30, r24
 1e2:	33 83       	std	Z+3, r19	; 0x03
 1e4:	22 83       	std	Z+2, r18	; 0x02
 1e6:	78 c0       	rjmp	.+240    	; 0x2d8 <_ZN4GPIOC1EhNS_15PortDirection_tE+0x176>
		break;
 1e8:	89 81       	ldd	r24, Y+1	; 0x01

	case 2:
	case 3:
		_bit = (1 << (_id + 2));
 1ea:	9a 81       	ldd	r25, Y+2	; 0x02
 1ec:	fc 01       	movw	r30, r24
 1ee:	81 81       	ldd	r24, Z+1	; 0x01
 1f0:	88 2f       	mov	r24, r24
 1f2:	90 e0       	ldi	r25, 0x00	; 0
 1f4:	9c 01       	movw	r18, r24
 1f6:	2e 5f       	subi	r18, 0xFE	; 254
 1f8:	3f 4f       	sbci	r19, 0xFF	; 255
 1fa:	81 e0       	ldi	r24, 0x01	; 1
 1fc:	90 e0       	ldi	r25, 0x00	; 0
 1fe:	02 c0       	rjmp	.+4      	; 0x204 <_ZN4GPIOC1EhNS_15PortDirection_tE+0xa2>
 200:	88 0f       	add	r24, r24
 202:	99 1f       	adc	r25, r25
 204:	2a 95       	dec	r18
 206:	e2 f7       	brpl	.-8      	; 0x200 <_ZN4GPIOC1EhNS_15PortDirection_tE+0x9e>
 208:	28 2f       	mov	r18, r24
 20a:	89 81       	ldd	r24, Y+1	; 0x01
 20c:	9a 81       	ldd	r25, Y+2	; 0x02
 20e:	fc 01       	movw	r30, r24
 210:	20 83       	st	Z, r18
 212:	20 91 02 02 	lds	r18, 0x0202
		_Px = GPIO_PORT::PE;
 216:	30 91 03 02 	lds	r19, 0x0203
 21a:	89 81       	ldd	r24, Y+1	; 0x01
 21c:	9a 81       	ldd	r25, Y+2	; 0x02
 21e:	fc 01       	movw	r30, r24
 220:	33 83       	std	Z+3, r19	; 0x03
 222:	22 83       	std	Z+2, r18	; 0x02
 224:	59 c0       	rjmp	.+178    	; 0x2d8 <_ZN4GPIOC1EhNS_15PortDirection_tE+0x176>
		break;
 226:	89 81       	ldd	r24, Y+1	; 0x01

	case 4:
		_bit = (1 << DDG5);
 228:	9a 81       	ldd	r25, Y+2	; 0x02
 22a:	20 e2       	ldi	r18, 0x20	; 32
 22c:	fc 01       	movw	r30, r24
 22e:	20 83       	st	Z, r18
 230:	20 91 04 02 	lds	r18, 0x0204
		_Px = GPIO_PORT::PG;
 234:	30 91 05 02 	lds	r19, 0x0205
 238:	89 81       	ldd	r24, Y+1	; 0x01
 23a:	9a 81       	ldd	r25, Y+2	; 0x02
 23c:	fc 01       	movw	r30, r24
 23e:	33 83       	std	Z+3, r19	; 0x03
 240:	22 83       	std	Z+2, r18	; 0x02
 242:	4a c0       	rjmp	.+148    	; 0x2d8 <_ZN4GPIOC1EhNS_15PortDirection_tE+0x176>
		break;
 244:	89 81       	ldd	r24, Y+1	; 0x01

	case 5:
		_bit = (1 << DDE3);
 246:	9a 81       	ldd	r25, Y+2	; 0x02
 248:	28 e0       	ldi	r18, 0x08	; 8
 24a:	fc 01       	movw	r30, r24
 24c:	20 83       	st	Z, r18
 24e:	20 91 02 02 	lds	r18, 0x0202
		_Px = GPIO_PORT::PE;
 252:	30 91 03 02 	lds	r19, 0x0203
 256:	89 81       	ldd	r24, Y+1	; 0x01
 258:	9a 81       	ldd	r25, Y+2	; 0x02
 25a:	fc 01       	movw	r30, r24
 25c:	33 83       	std	Z+3, r19	; 0x03
 25e:	22 83       	std	Z+2, r18	; 0x02
 260:	3b c0       	rjmp	.+118    	; 0x2d8 <_ZN4GPIOC1EhNS_15PortDirection_tE+0x176>
		break;
 262:	89 81       	ldd	r24, Y+1	; 0x01

	case 6:
	case 7:
	case 8:
	case 9:
		_bit = (1 << (_id - 3));
 264:	9a 81       	ldd	r25, Y+2	; 0x02
 266:	fc 01       	movw	r30, r24
 268:	81 81       	ldd	r24, Z+1	; 0x01
 26a:	88 2f       	mov	r24, r24
 26c:	90 e0       	ldi	r25, 0x00	; 0
 26e:	9c 01       	movw	r18, r24
 270:	23 50       	subi	r18, 0x03	; 3
 272:	31 09       	sbc	r19, r1
 274:	81 e0       	ldi	r24, 0x01	; 1
 276:	90 e0       	ldi	r25, 0x00	; 0
 278:	02 c0       	rjmp	.+4      	; 0x27e <_ZN4GPIOC1EhNS_15PortDirection_tE+0x11c>
 27a:	88 0f       	add	r24, r24
 27c:	99 1f       	adc	r25, r25
 27e:	2a 95       	dec	r18
 280:	e2 f7       	brpl	.-8      	; 0x27a <_ZN4GPIOC1EhNS_15PortDirection_tE+0x118>
 282:	28 2f       	mov	r18, r24
 284:	89 81       	ldd	r24, Y+1	; 0x01
 286:	9a 81       	ldd	r25, Y+2	; 0x02
 288:	fc 01       	movw	r30, r24
 28a:	20 83       	st	Z, r18
 28c:	20 91 06 02 	lds	r18, 0x0206
		_Px = GPIO_PORT::PH;
 290:	30 91 07 02 	lds	r19, 0x0207
 294:	89 81       	ldd	r24, Y+1	; 0x01
 296:	9a 81       	ldd	r25, Y+2	; 0x02
 298:	fc 01       	movw	r30, r24
 29a:	33 83       	std	Z+3, r19	; 0x03
 29c:	22 83       	std	Z+2, r18	; 0x02
 29e:	1c c0       	rjmp	.+56     	; 0x2d8 <_ZN4GPIOC1EhNS_15PortDirection_tE+0x176>
		break;
 2a0:	8b 81       	ldd	r24, Y+3	; 0x03

	case 10:
	case 11:
	case 12:
	case 13:
		_bit = (1 << (id - 6));
 2a2:	88 2f       	mov	r24, r24
 2a4:	90 e0       	ldi	r25, 0x00	; 0
 2a6:	9c 01       	movw	r18, r24
 2a8:	26 50       	subi	r18, 0x06	; 6
 2aa:	31 09       	sbc	r19, r1
 2ac:	81 e0       	ldi	r24, 0x01	; 1
 2ae:	90 e0       	ldi	r25, 0x00	; 0
 2b0:	02 c0       	rjmp	.+4      	; 0x2b6 <_ZN4GPIOC1EhNS_15PortDirection_tE+0x154>
 2b2:	88 0f       	add	r24, r24
 2b4:	99 1f       	adc	r25, r25
 2b6:	2a 95       	dec	r18
 2b8:	e2 f7       	brpl	.-8      	; 0x2b2 <_ZN4GPIOC1EhNS_15PortDirection_tE+0x150>
 2ba:	28 2f       	mov	r18, r24
 2bc:	89 81       	ldd	r24, Y+1	; 0x01
 2be:	9a 81       	ldd	r25, Y+2	; 0x02
 2c0:	fc 01       	movw	r30, r24
 2c2:	20 83       	st	Z, r18
 2c4:	20 91 00 02 	lds	r18, 0x0200
		_Px = GPIO_PORT::PB;
 2c8:	30 91 01 02 	lds	r19, 0x0201
 2cc:	89 81       	ldd	r24, Y+1	; 0x01
 2ce:	9a 81       	ldd	r25, Y+2	; 0x02
 2d0:	fc 01       	movw	r30, r24
 2d2:	33 83       	std	Z+3, r19	; 0x03
 2d4:	22 83       	std	Z+2, r18	; 0x02
 2d6:	00 00       	nop
		break;
 2d8:	21 e0       	ldi	r18, 0x01	; 1

	}

	_Px->dir(_bit, dir);
 2da:	8c 81       	ldd	r24, Y+4	; 0x04
 2dc:	88 23       	and	r24, r24
 2de:	09 f4       	brne	.+2      	; 0x2e2 <_ZN4GPIOC1EhNS_15PortDirection_tE+0x180>
 2e0:	20 e0       	ldi	r18, 0x00	; 0
 2e2:	89 81       	ldd	r24, Y+1	; 0x01
 2e4:	9a 81       	ldd	r25, Y+2	; 0x02
 2e6:	fc 01       	movw	r30, r24
 2e8:	30 81       	ld	r19, Z
 2ea:	89 81       	ldd	r24, Y+1	; 0x01
 2ec:	9a 81       	ldd	r25, Y+2	; 0x02
 2ee:	fc 01       	movw	r30, r24
 2f0:	82 81       	ldd	r24, Z+2	; 0x02
 2f2:	93 81       	ldd	r25, Z+3	; 0x03
 2f4:	42 2f       	mov	r20, r18
 2f6:	63 2f       	mov	r22, r19
 2f8:	57 d0       	rcall	.+174    	; 0x3a8 <_ZN9GPIO_PORT9GPIO_Port3dirEhb>
 2fa:	0f 90       	pop	r0
 2fc:	0f 90       	pop	r0

}
 2fe:	0f 90       	pop	r0
 300:	0f 90       	pop	r0
 302:	df 91       	pop	r29
 304:	cf 91       	pop	r28
 306:	08 95       	ret

00000308 <_ZN4GPIOD1Ev>:

GPIO::~GPIO() {}
 308:	cf 93       	push	r28
 30a:	df 93       	push	r29
 30c:	1f 92       	push	r1
 30e:	1f 92       	push	r1
 310:	cd b7       	in	r28, 0x3d	; 61
 312:	de b7       	in	r29, 0x3e	; 62
 314:	9a 83       	std	Y+2, r25	; 0x02
 316:	89 83       	std	Y+1, r24	; 0x01
 318:	0f 90       	pop	r0
 31a:	0f 90       	pop	r0
 31c:	df 91       	pop	r29
 31e:	cf 91       	pop	r28
 320:	08 95       	ret

00000322 <_ZN4GPIO3setEb>:

bool GPIO::get() {
	return _Px->get(_bit);
}

void GPIO::set(bool val) {
 322:	cf 93       	push	r28
 324:	df 93       	push	r29
 326:	00 d0       	rcall	.+0      	; 0x328 <_ZN4GPIO3setEb+0x6>
 328:	cd b7       	in	r28, 0x3d	; 61
 32a:	de b7       	in	r29, 0x3e	; 62
 32c:	9a 83       	std	Y+2, r25	; 0x02
 32e:	89 83       	std	Y+1, r24	; 0x01
 330:	6b 83       	std	Y+3, r22	; 0x03
	_Px->set(_bit, val);
 332:	89 81       	ldd	r24, Y+1	; 0x01
 334:	9a 81       	ldd	r25, Y+2	; 0x02
 336:	fc 01       	movw	r30, r24
 338:	20 81       	ld	r18, Z
 33a:	89 81       	ldd	r24, Y+1	; 0x01
 33c:	9a 81       	ldd	r25, Y+2	; 0x02
 33e:	fc 01       	movw	r30, r24
 340:	82 81       	ldd	r24, Z+2	; 0x02
 342:	93 81       	ldd	r25, Z+3	; 0x03
 344:	4b 81       	ldd	r20, Y+3	; 0x03
 346:	62 2f       	mov	r22, r18
 348:	5c d0       	rcall	.+184    	; 0x402 <_ZN9GPIO_PORT9GPIO_Port3setEhb>
 34a:	0f 90       	pop	r0
}
 34c:	0f 90       	pop	r0
 34e:	0f 90       	pop	r0
 350:	df 91       	pop	r29
 352:	cf 91       	pop	r28
 354:	08 95       	ret

00000356 <_ZN4GPIO5clearEv>:

void GPIO::clear() {
 356:	cf 93       	push	r28
 358:	df 93       	push	r29
 35a:	1f 92       	push	r1
 35c:	1f 92       	push	r1
 35e:	cd b7       	in	r28, 0x3d	; 61
 360:	de b7       	in	r29, 0x3e	; 62
 362:	9a 83       	std	Y+2, r25	; 0x02
 364:	89 83       	std	Y+1, r24	; 0x01
	this->set(0);
 366:	89 81       	ldd	r24, Y+1	; 0x01
 368:	9a 81       	ldd	r25, Y+2	; 0x02
 36a:	60 e0       	ldi	r22, 0x00	; 0
 36c:	da df       	rcall	.-76     	; 0x322 <_ZN4GPIO3setEb>
 36e:	0f 90       	pop	r0
}
 370:	0f 90       	pop	r0
 372:	df 91       	pop	r29
 374:	cf 91       	pop	r28
 376:	08 95       	ret

00000378 <_ZN4GPIO6toggleEv>:

void GPIO::toggle() {
 378:	cf 93       	push	r28
 37a:	df 93       	push	r29
 37c:	1f 92       	push	r1
 37e:	1f 92       	push	r1
 380:	cd b7       	in	r28, 0x3d	; 61
 382:	de b7       	in	r29, 0x3e	; 62
 384:	9a 83       	std	Y+2, r25	; 0x02
 386:	89 83       	std	Y+1, r24	; 0x01
	_Px->toggle(_bit);
 388:	89 81       	ldd	r24, Y+1	; 0x01
 38a:	9a 81       	ldd	r25, Y+2	; 0x02
 38c:	fc 01       	movw	r30, r24
 38e:	20 81       	ld	r18, Z
 390:	89 81       	ldd	r24, Y+1	; 0x01
 392:	9a 81       	ldd	r25, Y+2	; 0x02
 394:	fc 01       	movw	r30, r24
 396:	82 81       	ldd	r24, Z+2	; 0x02
 398:	93 81       	ldd	r25, Z+3	; 0x03
 39a:	62 2f       	mov	r22, r18
 39c:	5f d0       	rcall	.+190    	; 0x45c <_ZN9GPIO_PORT9GPIO_Port6toggleEh>
 39e:	0f 90       	pop	r0
}
 3a0:	0f 90       	pop	r0
 3a2:	df 91       	pop	r29
 3a4:	cf 91       	pop	r28
 3a6:	08 95       	ret

000003a8 <_ZN9GPIO_PORT9GPIO_Port3dirEhb>:
GPIO_Port * PH = reinterpret_cast<GPIO_Port*>(AVR_PH);

//GPIO_Port * PB = (GPIO_Port *)AVR_PB;


void GPIO_Port::dir(uint8_t p, bool io) {
 3a8:	cf 93       	push	r28
 3aa:	df 93       	push	r29
 3ac:	00 d0       	rcall	.+0      	; 0x3ae <_ZN9GPIO_PORT9GPIO_Port3dirEhb+0x6>
 3ae:	1f 92       	push	r1
 3b0:	cd b7       	in	r28, 0x3d	; 61
 3b2:	de b7       	in	r29, 0x3e	; 62
 3b4:	9a 83       	std	Y+2, r25	; 0x02
 3b6:	89 83       	std	Y+1, r24	; 0x01
 3b8:	6b 83       	std	Y+3, r22	; 0x03
 3ba:	4c 83       	std	Y+4, r20	; 0x04
    if (io)
 3bc:	8c 81       	ldd	r24, Y+4	; 0x04
 3be:	88 23       	and	r24, r24
 3c0:	61 f0       	breq	.+24     	; 0x3da <_ZN9GPIO_PORT9GPIO_Port3dirEhb+0x32>
        ddr |= p;
 3c2:	89 81       	ldd	r24, Y+1	; 0x01
 3c4:	9a 81       	ldd	r25, Y+2	; 0x02
 3c6:	fc 01       	movw	r30, r24
 3c8:	91 81       	ldd	r25, Z+1	; 0x01
 3ca:	8b 81       	ldd	r24, Y+3	; 0x03
 3cc:	29 2f       	mov	r18, r25
 3ce:	28 2b       	or	r18, r24
 3d0:	89 81       	ldd	r24, Y+1	; 0x01
 3d2:	9a 81       	ldd	r25, Y+2	; 0x02
 3d4:	fc 01       	movw	r30, r24
 3d6:	21 83       	std	Z+1, r18	; 0x01
 3d8:	0d c0       	rjmp	.+26     	; 0x3f4 <_ZN9GPIO_PORT9GPIO_Port3dirEhb+0x4c>
    else
        ddr &= ~p;
 3da:	89 81       	ldd	r24, Y+1	; 0x01
 3dc:	9a 81       	ldd	r25, Y+2	; 0x02
 3de:	fc 01       	movw	r30, r24
 3e0:	81 81       	ldd	r24, Z+1	; 0x01
 3e2:	98 2f       	mov	r25, r24
 3e4:	8b 81       	ldd	r24, Y+3	; 0x03
 3e6:	80 95       	com	r24
 3e8:	89 23       	and	r24, r25
 3ea:	28 2f       	mov	r18, r24
 3ec:	89 81       	ldd	r24, Y+1	; 0x01
 3ee:	9a 81       	ldd	r25, Y+2	; 0x02
 3f0:	fc 01       	movw	r30, r24
 3f2:	21 83       	std	Z+1, r18	; 0x01
}
 3f4:	0f 90       	pop	r0
 3f6:	0f 90       	pop	r0
 3f8:	0f 90       	pop	r0
 3fa:	0f 90       	pop	r0
 3fc:	df 91       	pop	r29
 3fe:	cf 91       	pop	r28
 400:	08 95       	ret

00000402 <_ZN9GPIO_PORT9GPIO_Port3setEhb>:

void GPIO_Port::set(uint8_t p, bool val) {
 402:	cf 93       	push	r28
 404:	df 93       	push	r29
 406:	00 d0       	rcall	.+0      	; 0x408 <_ZN9GPIO_PORT9GPIO_Port3setEhb+0x6>
 408:	1f 92       	push	r1
 40a:	cd b7       	in	r28, 0x3d	; 61
 40c:	de b7       	in	r29, 0x3e	; 62
 40e:	9a 83       	std	Y+2, r25	; 0x02
 410:	89 83       	std	Y+1, r24	; 0x01
 412:	6b 83       	std	Y+3, r22	; 0x03
 414:	4c 83       	std	Y+4, r20	; 0x04
    if (val)
 416:	8c 81       	ldd	r24, Y+4	; 0x04
 418:	88 23       	and	r24, r24
 41a:	61 f0       	breq	.+24     	; 0x434 <_ZN9GPIO_PORT9GPIO_Port3setEhb+0x32>
        port |= p;
 41c:	89 81       	ldd	r24, Y+1	; 0x01
 41e:	9a 81       	ldd	r25, Y+2	; 0x02
 420:	fc 01       	movw	r30, r24
 422:	92 81       	ldd	r25, Z+2	; 0x02
 424:	8b 81       	ldd	r24, Y+3	; 0x03
 426:	29 2f       	mov	r18, r25
 428:	28 2b       	or	r18, r24
 42a:	89 81       	ldd	r24, Y+1	; 0x01
 42c:	9a 81       	ldd	r25, Y+2	; 0x02
 42e:	fc 01       	movw	r30, r24
 430:	22 83       	std	Z+2, r18	; 0x02
 432:	0d c0       	rjmp	.+26     	; 0x44e <_ZN9GPIO_PORT9GPIO_Port3setEhb+0x4c>
    else
        port &= ~p;
 434:	89 81       	ldd	r24, Y+1	; 0x01
 436:	9a 81       	ldd	r25, Y+2	; 0x02
 438:	fc 01       	movw	r30, r24
 43a:	82 81       	ldd	r24, Z+2	; 0x02
 43c:	98 2f       	mov	r25, r24
 43e:	8b 81       	ldd	r24, Y+3	; 0x03
 440:	80 95       	com	r24
 442:	89 23       	and	r24, r25
 444:	28 2f       	mov	r18, r24
 446:	89 81       	ldd	r24, Y+1	; 0x01
 448:	9a 81       	ldd	r25, Y+2	; 0x02
 44a:	fc 01       	movw	r30, r24
 44c:	22 83       	std	Z+2, r18	; 0x02
}
 44e:	0f 90       	pop	r0
 450:	0f 90       	pop	r0
 452:	0f 90       	pop	r0
 454:	0f 90       	pop	r0
 456:	df 91       	pop	r29
 458:	cf 91       	pop	r28
 45a:	08 95       	ret

0000045c <_ZN9GPIO_PORT9GPIO_Port6toggleEh>:
}
bool GPIO_Port::get(uint8_t p) {
    return pin & p;
}

void GPIO_Port::toggle(uint8_t p) {
 45c:	cf 93       	push	r28
 45e:	df 93       	push	r29
 460:	00 d0       	rcall	.+0      	; 0x462 <_ZN9GPIO_PORT9GPIO_Port6toggleEh+0x6>
 462:	cd b7       	in	r28, 0x3d	; 61
 464:	de b7       	in	r29, 0x3e	; 62
 466:	9a 83       	std	Y+2, r25	; 0x02
 468:	89 83       	std	Y+1, r24	; 0x01
 46a:	6b 83       	std	Y+3, r22	; 0x03
	pin = p;
 46c:	89 81       	ldd	r24, Y+1	; 0x01
 46e:	9a 81       	ldd	r25, Y+2	; 0x02
 470:	2b 81       	ldd	r18, Y+3	; 0x03
 472:	fc 01       	movw	r30, r24
 474:	20 83       	st	Z, r18
}
 476:	0f 90       	pop	r0
 478:	0f 90       	pop	r0
 47a:	0f 90       	pop	r0
 47c:	df 91       	pop	r29
 47e:	cf 91       	pop	r28
 480:	08 95       	ret

00000482 <main>:

//Adicionar LED
GPIO led4(4, GPIO::OUTPUT);		//PG5
GPIO led6(6, GPIO::OUTPUT);		//PH0

int main(void){
 482:	cf 93       	push	r28
 484:	df 93       	push	r29
 486:	cd b7       	in	r28, 0x3d	; 61
 488:	de b7       	in	r29, 0x3e	; 62
 48a:	aa 97       	sbiw	r28, 0x2a	; 42
 48c:	0f b6       	in	r0, 0x3f	; 63
 48e:	f8 94       	cli
 490:	de bf       	out	0x3e, r29	; 62
 492:	0f be       	out	0x3f, r0	; 63
 494:	cd bf       	out	0x3d, r28	; 61

	UCSR0B = 0;
 496:	81 ec       	ldi	r24, 0xC1	; 193
 498:	90 e0       	ldi	r25, 0x00	; 0
 49a:	fc 01       	movw	r30, r24
 49c:	10 82       	st	Z, r1

	led0.set(1);
 49e:	61 e0       	ldi	r22, 0x01	; 1
 4a0:	88 e0       	ldi	r24, 0x08	; 8
 4a2:	92 e0       	ldi	r25, 0x02	; 2
 4a4:	3e df       	rcall	.-388    	; 0x322 <_ZN4GPIO3setEb>
 4a6:	61 e0       	ldi	r22, 0x01	; 1
	led1.set(1);
 4a8:	8c e0       	ldi	r24, 0x0C	; 12
 4aa:	92 e0       	ldi	r25, 0x02	; 2
 4ac:	3a df       	rcall	.-396    	; 0x322 <_ZN4GPIO3setEb>
 4ae:	88 e1       	ldi	r24, 0x18	; 24
 4b0:	92 e0       	ldi	r25, 0x02	; 2
	led6.clear();
 4b2:	51 df       	rcall	.-350    	; 0x356 <_ZN4GPIO5clearEv>
 4b4:	84 e1       	ldi	r24, 0x14	; 20
 4b6:	92 e0       	ldi	r25, 0x02	; 2
 4b8:	4e df       	rcall	.-356    	; 0x356 <_ZN4GPIO5clearEv>
	led4.clear();
 4ba:	80 e1       	ldi	r24, 0x10	; 16
 4bc:	92 e0       	ldi	r25, 0x02	; 2
 4be:	4b df       	rcall	.-362    	; 0x356 <_ZN4GPIO5clearEv>
 4c0:	80 e0       	ldi	r24, 0x00	; 0
	led13.clear();
 4c2:	90 e0       	ldi	r25, 0x00	; 0
 4c4:	aa e7       	ldi	r26, 0x7A	; 122
 4c6:	b4 e4       	ldi	r27, 0x44	; 68
 4c8:	89 83       	std	Y+1, r24	; 0x01
 4ca:	9a 83       	std	Y+2, r25	; 0x02
 4cc:	ab 83       	std	Y+3, r26	; 0x03
 4ce:	bc 83       	std	Y+4, r27	; 0x04
 4d0:	20 e0       	ldi	r18, 0x00	; 0
 4d2:	30 e0       	ldi	r19, 0x00	; 0
 4d4:	4a e7       	ldi	r20, 0x7A	; 122
 4d6:	55 e4       	ldi	r21, 0x45	; 69
 4d8:	69 81       	ldd	r22, Y+1	; 0x01
	#endif

	__builtin_avr_delay_cycles(__ticks_dc);

#else
	__tmp = ((F_CPU) / 4e3) * __ms;
 4da:	7a 81       	ldd	r23, Y+2	; 0x02
 4dc:	8b 81       	ldd	r24, Y+3	; 0x03
 4de:	9c 81       	ldd	r25, Y+4	; 0x04
 4e0:	46 d2       	rcall	.+1164   	; 0x96e <__mulsf3>
 4e2:	dc 01       	movw	r26, r24
 4e4:	cb 01       	movw	r24, r22
 4e6:	8d 83       	std	Y+5, r24	; 0x05
 4e8:	9e 83       	std	Y+6, r25	; 0x06
 4ea:	af 83       	std	Y+7, r26	; 0x07
 4ec:	b8 87       	std	Y+8, r27	; 0x08
 4ee:	20 e0       	ldi	r18, 0x00	; 0
 4f0:	30 e0       	ldi	r19, 0x00	; 0
 4f2:	40 e8       	ldi	r20, 0x80	; 128
 4f4:	5f e3       	ldi	r21, 0x3F	; 63
 4f6:	6d 81       	ldd	r22, Y+5	; 0x05
 4f8:	7e 81       	ldd	r23, Y+6	; 0x06
	if (__tmp < 1.0)
 4fa:	8f 81       	ldd	r24, Y+7	; 0x07
 4fc:	98 85       	ldd	r25, Y+8	; 0x08
 4fe:	b6 d1       	rcall	.+876    	; 0x86c <__cmpsf2>
 500:	88 23       	and	r24, r24
 502:	2c f4       	brge	.+10     	; 0x50e <main+0x8c>
 504:	81 e0       	ldi	r24, 0x01	; 1
 506:	90 e0       	ldi	r25, 0x00	; 0
 508:	9a 87       	std	Y+10, r25	; 0x0a
 50a:	89 87       	std	Y+9, r24	; 0x09
 50c:	3b c0       	rjmp	.+118    	; 0x584 <main+0x102>
 50e:	20 e0       	ldi	r18, 0x00	; 0
 510:	3f ef       	ldi	r19, 0xFF	; 255
		__ticks = 1;
 512:	4f e7       	ldi	r20, 0x7F	; 127
 514:	57 e4       	ldi	r21, 0x47	; 71
 516:	6d 81       	ldd	r22, Y+5	; 0x05
 518:	7e 81       	ldd	r23, Y+6	; 0x06
 51a:	8f 81       	ldd	r24, Y+7	; 0x07
	else if (__tmp > 65535)
 51c:	98 85       	ldd	r25, Y+8	; 0x08
 51e:	23 d2       	rcall	.+1094   	; 0x966 <__gesf2>
 520:	18 16       	cp	r1, r24
 522:	3c f5       	brge	.+78     	; 0x572 <main+0xf0>
 524:	20 e0       	ldi	r18, 0x00	; 0
 526:	30 e0       	ldi	r19, 0x00	; 0
 528:	40 e2       	ldi	r20, 0x20	; 32
 52a:	51 e4       	ldi	r21, 0x41	; 65
 52c:	69 81       	ldd	r22, Y+1	; 0x01
 52e:	7a 81       	ldd	r23, Y+2	; 0x02
 530:	8b 81       	ldd	r24, Y+3	; 0x03
 532:	9c 81       	ldd	r25, Y+4	; 0x04
	{
		//	__ticks = requested delay in 1/10 ms
		__ticks = (uint16_t) (__ms * 10.0);
 534:	1c d2       	rcall	.+1080   	; 0x96e <__mulsf3>
 536:	dc 01       	movw	r26, r24
 538:	cb 01       	movw	r24, r22
 53a:	bc 01       	movw	r22, r24
 53c:	cd 01       	movw	r24, r26
 53e:	9a d1       	rcall	.+820    	; 0x874 <__fixunssfsi>
 540:	dc 01       	movw	r26, r24
 542:	cb 01       	movw	r24, r22
 544:	9a 87       	std	Y+10, r25	; 0x0a
 546:	89 87       	std	Y+9, r24	; 0x09
 548:	0f c0       	rjmp	.+30     	; 0x568 <main+0xe6>
 54a:	80 e9       	ldi	r24, 0x90	; 144
 54c:	91 e0       	ldi	r25, 0x01	; 1
 54e:	9c 87       	std	Y+12, r25	; 0x0c
 550:	8b 87       	std	Y+11, r24	; 0x0b
 552:	8b 85       	ldd	r24, Y+11	; 0x0b
 554:	9c 85       	ldd	r25, Y+12	; 0x0c
 556:	01 97       	sbiw	r24, 0x01	; 1
 558:	f1 f7       	brne	.-4      	; 0x556 <main+0xd4>
 55a:	9c 87       	std	Y+12, r25	; 0x0c
 55c:	8b 87       	std	Y+11, r24	; 0x0b
 55e:	89 85       	ldd	r24, Y+9	; 0x09
 560:	9a 85       	ldd	r25, Y+10	; 0x0a
 562:	01 97       	sbiw	r24, 0x01	; 1
 564:	9a 87       	std	Y+10, r25	; 0x0a
 566:	89 87       	std	Y+9, r24	; 0x09
 568:	89 85       	ldd	r24, Y+9	; 0x09
 56a:	9a 85       	ldd	r25, Y+10	; 0x0a
 56c:	00 97       	sbiw	r24, 0x00	; 0
 56e:	69 f7       	brne	.-38     	; 0x54a <main+0xc8>
 570:	13 c0       	rjmp	.+38     	; 0x598 <main+0x116>
		while(__ticks)
		{
			// wait 1/10 ms
			_delay_loop_2(((F_CPU) / 4e3) / 10);
			__ticks --;
 572:	6d 81       	ldd	r22, Y+5	; 0x05
 574:	7e 81       	ldd	r23, Y+6	; 0x06
 576:	8f 81       	ldd	r24, Y+7	; 0x07
 578:	98 85       	ldd	r25, Y+8	; 0x08
 57a:	7c d1       	rcall	.+760    	; 0x874 <__fixunssfsi>
		__ticks = 1;
	else if (__tmp > 65535)
	{
		//	__ticks = requested delay in 1/10 ms
		__ticks = (uint16_t) (__ms * 10.0);
		while(__ticks)
 57c:	dc 01       	movw	r26, r24
 57e:	cb 01       	movw	r24, r22
 580:	9a 87       	std	Y+10, r25	; 0x0a
 582:	89 87       	std	Y+9, r24	; 0x09
 584:	89 85       	ldd	r24, Y+9	; 0x09
			__ticks --;
		}
		return;
	}
	else
		__ticks = (uint16_t)__tmp;
 586:	9a 85       	ldd	r25, Y+10	; 0x0a
 588:	9e 87       	std	Y+14, r25	; 0x0e
 58a:	8d 87       	std	Y+13, r24	; 0x0d
 58c:	8d 85       	ldd	r24, Y+13	; 0x0d
 58e:	9e 85       	ldd	r25, Y+14	; 0x0e
 590:	01 97       	sbiw	r24, 0x01	; 1
 592:	f1 f7       	brne	.-4      	; 0x590 <main+0x10e>
 594:	9e 87       	std	Y+14, r25	; 0x0e
 596:	8d 87       	std	Y+13, r24	; 0x0d
 598:	88 e0       	ldi	r24, 0x08	; 8
 59a:	92 e0       	ldi	r25, 0x02	; 2
 59c:	dc de       	rcall	.-584    	; 0x356 <_ZN4GPIO5clearEv>
 59e:	8c e0       	ldi	r24, 0x0C	; 12
 5a0:	92 e0       	ldi	r25, 0x02	; 2
 5a2:	d9 de       	rcall	.-590    	; 0x356 <_ZN4GPIO5clearEv>
 5a4:	61 e0       	ldi	r22, 0x01	; 1
 5a6:	88 e1       	ldi	r24, 0x18	; 24
 5a8:	92 e0       	ldi	r25, 0x02	; 2
 5aa:	bb de       	rcall	.-650    	; 0x322 <_ZN4GPIO3setEb>
 5ac:	61 e0       	ldi	r22, 0x01	; 1
	_delay_ms(1000);
	led0.clear();
 5ae:	84 e1       	ldi	r24, 0x14	; 20
 5b0:	92 e0       	ldi	r25, 0x02	; 2
 5b2:	b7 de       	rcall	.-658    	; 0x322 <_ZN4GPIO3setEb>
 5b4:	61 e0       	ldi	r22, 0x01	; 1
	led1.clear();
 5b6:	80 e1       	ldi	r24, 0x10	; 16
 5b8:	92 e0       	ldi	r25, 0x02	; 2
 5ba:	b3 de       	rcall	.-666    	; 0x322 <_ZN4GPIO3setEb>
 5bc:	80 e0       	ldi	r24, 0x00	; 0
	led6.set(1);
 5be:	90 e0       	ldi	r25, 0x00	; 0
 5c0:	aa e7       	ldi	r26, 0x7A	; 122
 5c2:	b4 e4       	ldi	r27, 0x44	; 68
 5c4:	8f 87       	std	Y+15, r24	; 0x0f
 5c6:	98 8b       	std	Y+16, r25	; 0x10
	led4.set(1);
 5c8:	a9 8b       	std	Y+17, r26	; 0x11
 5ca:	ba 8b       	std	Y+18, r27	; 0x12
 5cc:	20 e0       	ldi	r18, 0x00	; 0
 5ce:	30 e0       	ldi	r19, 0x00	; 0
 5d0:	4a e7       	ldi	r20, 0x7A	; 122
 5d2:	55 e4       	ldi	r21, 0x45	; 69
 5d4:	6f 85       	ldd	r22, Y+15	; 0x0f
 5d6:	78 89       	ldd	r23, Y+16	; 0x10
 5d8:	89 89       	ldd	r24, Y+17	; 0x11
 5da:	9a 89       	ldd	r25, Y+18	; 0x12
 5dc:	c8 d1       	rcall	.+912    	; 0x96e <__mulsf3>
 5de:	dc 01       	movw	r26, r24
 5e0:	cb 01       	movw	r24, r22
 5e2:	8b 8b       	std	Y+19, r24	; 0x13
 5e4:	9c 8b       	std	Y+20, r25	; 0x14
 5e6:	ad 8b       	std	Y+21, r26	; 0x15
 5e8:	be 8b       	std	Y+22, r27	; 0x16
 5ea:	20 e0       	ldi	r18, 0x00	; 0
	#endif

	__builtin_avr_delay_cycles(__ticks_dc);

#else
	__tmp = ((F_CPU) / 4e3) * __ms;
 5ec:	30 e0       	ldi	r19, 0x00	; 0
 5ee:	40 e8       	ldi	r20, 0x80	; 128
 5f0:	5f e3       	ldi	r21, 0x3F	; 63
 5f2:	6b 89       	ldd	r22, Y+19	; 0x13
 5f4:	7c 89       	ldd	r23, Y+20	; 0x14
 5f6:	8d 89       	ldd	r24, Y+21	; 0x15
 5f8:	9e 89       	ldd	r25, Y+22	; 0x16
 5fa:	38 d1       	rcall	.+624    	; 0x86c <__cmpsf2>
 5fc:	88 23       	and	r24, r24
 5fe:	2c f4       	brge	.+10     	; 0x60a <main+0x188>
 600:	81 e0       	ldi	r24, 0x01	; 1
 602:	90 e0       	ldi	r25, 0x00	; 0
 604:	98 8f       	std	Y+24, r25	; 0x18
 606:	8f 8b       	std	Y+23, r24	; 0x17
 608:	3b c0       	rjmp	.+118    	; 0x680 <main+0x1fe>
 60a:	20 e0       	ldi	r18, 0x00	; 0
	if (__tmp < 1.0)
 60c:	3f ef       	ldi	r19, 0xFF	; 255
 60e:	4f e7       	ldi	r20, 0x7F	; 127
 610:	57 e4       	ldi	r21, 0x47	; 71
 612:	6b 89       	ldd	r22, Y+19	; 0x13
 614:	7c 89       	ldd	r23, Y+20	; 0x14
 616:	8d 89       	ldd	r24, Y+21	; 0x15
 618:	9e 89       	ldd	r25, Y+22	; 0x16
 61a:	a5 d1       	rcall	.+842    	; 0x966 <__gesf2>
 61c:	18 16       	cp	r1, r24
 61e:	3c f5       	brge	.+78     	; 0x66e <main+0x1ec>
 620:	20 e0       	ldi	r18, 0x00	; 0
 622:	30 e0       	ldi	r19, 0x00	; 0
		__ticks = 1;
 624:	40 e2       	ldi	r20, 0x20	; 32
 626:	51 e4       	ldi	r21, 0x41	; 65
 628:	6f 85       	ldd	r22, Y+15	; 0x0f
 62a:	78 89       	ldd	r23, Y+16	; 0x10
 62c:	89 89       	ldd	r24, Y+17	; 0x11
	else if (__tmp > 65535)
 62e:	9a 89       	ldd	r25, Y+18	; 0x12
 630:	9e d1       	rcall	.+828    	; 0x96e <__mulsf3>
 632:	dc 01       	movw	r26, r24
 634:	cb 01       	movw	r24, r22
 636:	bc 01       	movw	r22, r24
 638:	cd 01       	movw	r24, r26
 63a:	1c d1       	rcall	.+568    	; 0x874 <__fixunssfsi>
 63c:	dc 01       	movw	r26, r24
 63e:	cb 01       	movw	r24, r22
 640:	98 8f       	std	Y+24, r25	; 0x18
 642:	8f 8b       	std	Y+23, r24	; 0x17
 644:	0f c0       	rjmp	.+30     	; 0x664 <main+0x1e2>
	{
		//	__ticks = requested delay in 1/10 ms
		__ticks = (uint16_t) (__ms * 10.0);
 646:	80 e9       	ldi	r24, 0x90	; 144
 648:	91 e0       	ldi	r25, 0x01	; 1
 64a:	9a 8f       	std	Y+26, r25	; 0x1a
 64c:	89 8f       	std	Y+25, r24	; 0x19
 64e:	89 8d       	ldd	r24, Y+25	; 0x19
 650:	9a 8d       	ldd	r25, Y+26	; 0x1a
 652:	01 97       	sbiw	r24, 0x01	; 1
 654:	f1 f7       	brne	.-4      	; 0x652 <main+0x1d0>
 656:	9a 8f       	std	Y+26, r25	; 0x1a
 658:	89 8f       	std	Y+25, r24	; 0x19
 65a:	8f 89       	ldd	r24, Y+23	; 0x17
 65c:	98 8d       	ldd	r25, Y+24	; 0x18
 65e:	01 97       	sbiw	r24, 0x01	; 1
 660:	98 8f       	std	Y+24, r25	; 0x18
 662:	8f 8b       	std	Y+23, r24	; 0x17
 664:	8f 89       	ldd	r24, Y+23	; 0x17
 666:	98 8d       	ldd	r25, Y+24	; 0x18
 668:	00 97       	sbiw	r24, 0x00	; 0
 66a:	69 f7       	brne	.-38     	; 0x646 <main+0x1c4>
 66c:	13 c0       	rjmp	.+38     	; 0x694 <main+0x212>
 66e:	6b 89       	ldd	r22, Y+19	; 0x13
 670:	7c 89       	ldd	r23, Y+20	; 0x14
 672:	8d 89       	ldd	r24, Y+21	; 0x15
 674:	9e 89       	ldd	r25, Y+22	; 0x16
 676:	fe d0       	rcall	.+508    	; 0x874 <__fixunssfsi>
 678:	dc 01       	movw	r26, r24
 67a:	cb 01       	movw	r24, r22
 67c:	98 8f       	std	Y+24, r25	; 0x18
 67e:	8f 8b       	std	Y+23, r24	; 0x17
 680:	8f 89       	ldd	r24, Y+23	; 0x17
 682:	98 8d       	ldd	r25, Y+24	; 0x18
		while(__ticks)
		{
			// wait 1/10 ms
			_delay_loop_2(((F_CPU) / 4e3) / 10);
			__ticks --;
 684:	9c 8f       	std	Y+28, r25	; 0x1c
 686:	8b 8f       	std	Y+27, r24	; 0x1b
 688:	8b 8d       	ldd	r24, Y+27	; 0x1b
 68a:	9c 8d       	ldd	r25, Y+28	; 0x1c
 68c:	01 97       	sbiw	r24, 0x01	; 1
		__ticks = 1;
	else if (__tmp > 65535)
	{
		//	__ticks = requested delay in 1/10 ms
		__ticks = (uint16_t) (__ms * 10.0);
		while(__ticks)
 68e:	f1 f7       	brne	.-4      	; 0x68c <main+0x20a>
 690:	9c 8f       	std	Y+28, r25	; 0x1c
 692:	8b 8f       	std	Y+27, r24	; 0x1b
 694:	88 e0       	ldi	r24, 0x08	; 8
 696:	92 e0       	ldi	r25, 0x02	; 2
 698:	6f de       	rcall	.-802    	; 0x378 <_ZN4GPIO6toggleEv>
 69a:	8c e0       	ldi	r24, 0x0C	; 12
 69c:	92 e0       	ldi	r25, 0x02	; 2
 69e:	6c de       	rcall	.-808    	; 0x378 <_ZN4GPIO6toggleEv>
 6a0:	88 e1       	ldi	r24, 0x18	; 24
 6a2:	92 e0       	ldi	r25, 0x02	; 2
 6a4:	69 de       	rcall	.-814    	; 0x378 <_ZN4GPIO6toggleEv>
 6a6:	84 e1       	ldi	r24, 0x14	; 20
 6a8:	92 e0       	ldi	r25, 0x02	; 2
 6aa:	66 de       	rcall	.-820    	; 0x378 <_ZN4GPIO6toggleEv>
 6ac:	80 e1       	ldi	r24, 0x10	; 16
 6ae:	92 e0       	ldi	r25, 0x02	; 2
 6b0:	63 de       	rcall	.-826    	; 0x378 <_ZN4GPIO6toggleEv>
 6b2:	80 e0       	ldi	r24, 0x00	; 0
 6b4:	90 e0       	ldi	r25, 0x00	; 0
 6b6:	aa e7       	ldi	r26, 0x7A	; 122
 6b8:	b4 e4       	ldi	r27, 0x44	; 68
 6ba:	8d 8f       	std	Y+29, r24	; 0x1d
 6bc:	9e 8f       	std	Y+30, r25	; 0x1e
 6be:	af 8f       	std	Y+31, r26	; 0x1f
	led13.set(1);
	_delay_ms(1000);

	while (1){
		led0.toggle();
 6c0:	b8 a3       	std	Y+32, r27	; 0x20
 6c2:	20 e0       	ldi	r18, 0x00	; 0
 6c4:	30 e0       	ldi	r19, 0x00	; 0
 6c6:	4a e7       	ldi	r20, 0x7A	; 122
		led1.toggle();
 6c8:	55 e4       	ldi	r21, 0x45	; 69
 6ca:	6d 8d       	ldd	r22, Y+29	; 0x1d
 6cc:	7e 8d       	ldd	r23, Y+30	; 0x1e
 6ce:	8f 8d       	ldd	r24, Y+31	; 0x1f
		led6.toggle();
 6d0:	98 a1       	ldd	r25, Y+32	; 0x20
 6d2:	4d d1       	rcall	.+666    	; 0x96e <__mulsf3>
 6d4:	dc 01       	movw	r26, r24
 6d6:	cb 01       	movw	r24, r22
		led4.toggle();
 6d8:	89 a3       	std	Y+33, r24	; 0x21
 6da:	9a a3       	std	Y+34, r25	; 0x22
 6dc:	ab a3       	std	Y+35, r26	; 0x23
 6de:	bc a3       	std	Y+36, r27	; 0x24
 6e0:	20 e0       	ldi	r18, 0x00	; 0
 6e2:	30 e0       	ldi	r19, 0x00	; 0
 6e4:	40 e8       	ldi	r20, 0x80	; 128
 6e6:	5f e3       	ldi	r21, 0x3F	; 63
 6e8:	69 a1       	ldd	r22, Y+33	; 0x21
 6ea:	7a a1       	ldd	r23, Y+34	; 0x22
 6ec:	8b a1       	ldd	r24, Y+35	; 0x23
 6ee:	9c a1       	ldd	r25, Y+36	; 0x24
 6f0:	bd d0       	rcall	.+378    	; 0x86c <__cmpsf2>
 6f2:	88 23       	and	r24, r24
 6f4:	2c f4       	brge	.+10     	; 0x700 <main+0x27e>
 6f6:	81 e0       	ldi	r24, 0x01	; 1
	#endif

	__builtin_avr_delay_cycles(__ticks_dc);

#else
	__tmp = ((F_CPU) / 4e3) * __ms;
 6f8:	90 e0       	ldi	r25, 0x00	; 0
 6fa:	9e a3       	std	Y+38, r25	; 0x26
 6fc:	8d a3       	std	Y+37, r24	; 0x25
 6fe:	3b c0       	rjmp	.+118    	; 0x776 <main+0x2f4>
 700:	20 e0       	ldi	r18, 0x00	; 0
 702:	3f ef       	ldi	r19, 0xFF	; 255
 704:	4f e7       	ldi	r20, 0x7F	; 127
 706:	57 e4       	ldi	r21, 0x47	; 71
 708:	69 a1       	ldd	r22, Y+33	; 0x21
 70a:	7a a1       	ldd	r23, Y+34	; 0x22
 70c:	8b a1       	ldd	r24, Y+35	; 0x23
 70e:	9c a1       	ldd	r25, Y+36	; 0x24
 710:	2a d1       	rcall	.+596    	; 0x966 <__gesf2>
 712:	18 16       	cp	r1, r24
 714:	3c f5       	brge	.+78     	; 0x764 <main+0x2e2>
 716:	20 e0       	ldi	r18, 0x00	; 0
	if (__tmp < 1.0)
 718:	30 e0       	ldi	r19, 0x00	; 0
 71a:	40 e2       	ldi	r20, 0x20	; 32
 71c:	51 e4       	ldi	r21, 0x41	; 65
 71e:	6d 8d       	ldd	r22, Y+29	; 0x1d
 720:	7e 8d       	ldd	r23, Y+30	; 0x1e
 722:	8f 8d       	ldd	r24, Y+31	; 0x1f
 724:	98 a1       	ldd	r25, Y+32	; 0x20
 726:	23 d1       	rcall	.+582    	; 0x96e <__mulsf3>
 728:	dc 01       	movw	r26, r24
 72a:	cb 01       	movw	r24, r22
 72c:	bc 01       	movw	r22, r24
 72e:	cd 01       	movw	r24, r26
		__ticks = 1;
 730:	a1 d0       	rcall	.+322    	; 0x874 <__fixunssfsi>
 732:	dc 01       	movw	r26, r24
 734:	cb 01       	movw	r24, r22
 736:	9e a3       	std	Y+38, r25	; 0x26
 738:	8d a3       	std	Y+37, r24	; 0x25
	else if (__tmp > 65535)
 73a:	0f c0       	rjmp	.+30     	; 0x75a <main+0x2d8>
 73c:	80 e9       	ldi	r24, 0x90	; 144
 73e:	91 e0       	ldi	r25, 0x01	; 1
 740:	98 a7       	std	Y+40, r25	; 0x28
 742:	8f a3       	std	Y+39, r24	; 0x27
 744:	8f a1       	ldd	r24, Y+39	; 0x27
 746:	98 a5       	ldd	r25, Y+40	; 0x28
 748:	01 97       	sbiw	r24, 0x01	; 1
 74a:	f1 f7       	brne	.-4      	; 0x748 <main+0x2c6>
 74c:	98 a7       	std	Y+40, r25	; 0x28
 74e:	8f a3       	std	Y+39, r24	; 0x27
 750:	8d a1       	ldd	r24, Y+37	; 0x25
 752:	9e a1       	ldd	r25, Y+38	; 0x26
 754:	01 97       	sbiw	r24, 0x01	; 1
 756:	9e a3       	std	Y+38, r25	; 0x26
 758:	8d a3       	std	Y+37, r24	; 0x25
 75a:	8d a1       	ldd	r24, Y+37	; 0x25
 75c:	9e a1       	ldd	r25, Y+38	; 0x26
 75e:	00 97       	sbiw	r24, 0x00	; 0
 760:	69 f7       	brne	.-38     	; 0x73c <main+0x2ba>
 762:	98 cf       	rjmp	.-208    	; 0x694 <main+0x212>
 764:	69 a1       	ldd	r22, Y+33	; 0x21
 766:	7a a1       	ldd	r23, Y+34	; 0x22
 768:	8b a1       	ldd	r24, Y+35	; 0x23
 76a:	9c a1       	ldd	r25, Y+36	; 0x24
 76c:	83 d0       	rcall	.+262    	; 0x874 <__fixunssfsi>
 76e:	dc 01       	movw	r26, r24
 770:	cb 01       	movw	r24, r22
 772:	9e a3       	std	Y+38, r25	; 0x26
 774:	8d a3       	std	Y+37, r24	; 0x25
 776:	8d a1       	ldd	r24, Y+37	; 0x25
 778:	9e a1       	ldd	r25, Y+38	; 0x26
 77a:	9a a7       	std	Y+42, r25	; 0x2a
 77c:	89 a7       	std	Y+41, r24	; 0x29
 77e:	89 a5       	ldd	r24, Y+41	; 0x29
 780:	9a a5       	ldd	r25, Y+42	; 0x2a
 782:	01 97       	sbiw	r24, 0x01	; 1
 784:	f1 f7       	brne	.-4      	; 0x782 <main+0x300>
 786:	9a a7       	std	Y+42, r25	; 0x2a
 788:	89 a7       	std	Y+41, r24	; 0x29
 78a:	84 cf       	rjmp	.-248    	; 0x694 <main+0x212>

0000078c <_Z41__static_initialization_and_destruction_0ii>:
		led13.toggle();
		_delay_ms(1000);
	}

}
 78c:	cf 93       	push	r28
 78e:	df 93       	push	r29
 790:	00 d0       	rcall	.+0      	; 0x792 <_Z41__static_initialization_and_destruction_0ii+0x6>
 792:	1f 92       	push	r1
 794:	cd b7       	in	r28, 0x3d	; 61
 796:	de b7       	in	r29, 0x3e	; 62
 798:	9a 83       	std	Y+2, r25	; 0x02
 79a:	89 83       	std	Y+1, r24	; 0x01
 79c:	7c 83       	std	Y+4, r23	; 0x04
 79e:	6b 83       	std	Y+3, r22	; 0x03
 7a0:	89 81       	ldd	r24, Y+1	; 0x01
 7a2:	9a 81       	ldd	r25, Y+2	; 0x02
 7a4:	81 30       	cpi	r24, 0x01	; 1
 7a6:	91 05       	cpc	r25, r1
 7a8:	f9 f4       	brne	.+62     	; 0x7e8 <_Z41__static_initialization_and_destruction_0ii+0x5c>
 7aa:	8b 81       	ldd	r24, Y+3	; 0x03
 7ac:	9c 81       	ldd	r25, Y+4	; 0x04
 7ae:	8f 3f       	cpi	r24, 0xFF	; 255
 7b0:	2f ef       	ldi	r18, 0xFF	; 255
 7b2:	92 07       	cpc	r25, r18
 7b4:	c9 f4       	brne	.+50     	; 0x7e8 <_Z41__static_initialization_and_destruction_0ii+0x5c>
#include <util/delay.h>
#include "GPIO.h"


//LEDS PLACA (acende com '0')
GPIO led0(0, GPIO::OUTPUT);		//PE0
 7b6:	41 e0       	ldi	r20, 0x01	; 1
 7b8:	60 e0       	ldi	r22, 0x00	; 0
 7ba:	88 e0       	ldi	r24, 0x08	; 8
 7bc:	92 e0       	ldi	r25, 0x02	; 2
 7be:	d1 dc       	rcall	.-1630   	; 0x162 <_ZN4GPIOC1EhNS_15PortDirection_tE>
 7c0:	41 e0       	ldi	r20, 0x01	; 1
GPIO led1(1, GPIO::OUTPUT);		//PE1
 7c2:	61 e0       	ldi	r22, 0x01	; 1
 7c4:	8c e0       	ldi	r24, 0x0C	; 12
 7c6:	92 e0       	ldi	r25, 0x02	; 2
 7c8:	cc dc       	rcall	.-1640   	; 0x162 <_ZN4GPIOC1EhNS_15PortDirection_tE>
 7ca:	41 e0       	ldi	r20, 0x01	; 1
 7cc:	6d e0       	ldi	r22, 0x0D	; 13

//LEDS PLACA (acende com '1')
GPIO led13(13, GPIO::OUTPUT);	//PB7
 7ce:	80 e1       	ldi	r24, 0x10	; 16
 7d0:	92 e0       	ldi	r25, 0x02	; 2
 7d2:	c7 dc       	rcall	.-1650   	; 0x162 <_ZN4GPIOC1EhNS_15PortDirection_tE>
 7d4:	41 e0       	ldi	r20, 0x01	; 1
 7d6:	64 e0       	ldi	r22, 0x04	; 4
 7d8:	84 e1       	ldi	r24, 0x14	; 20

//Adicionar LED
GPIO led4(4, GPIO::OUTPUT);		//PG5
 7da:	92 e0       	ldi	r25, 0x02	; 2
 7dc:	c2 dc       	rcall	.-1660   	; 0x162 <_ZN4GPIOC1EhNS_15PortDirection_tE>
 7de:	41 e0       	ldi	r20, 0x01	; 1
 7e0:	66 e0       	ldi	r22, 0x06	; 6
 7e2:	88 e1       	ldi	r24, 0x18	; 24
 7e4:	92 e0       	ldi	r25, 0x02	; 2
GPIO led6(6, GPIO::OUTPUT);		//PH0
 7e6:	bd dc       	rcall	.-1670   	; 0x162 <_ZN4GPIOC1EhNS_15PortDirection_tE>
 7e8:	89 81       	ldd	r24, Y+1	; 0x01
 7ea:	9a 81       	ldd	r25, Y+2	; 0x02
 7ec:	00 97       	sbiw	r24, 0x00	; 0
 7ee:	a9 f4       	brne	.+42     	; 0x81a <_Z41__static_initialization_and_destruction_0ii+0x8e>
 7f0:	8b 81       	ldd	r24, Y+3	; 0x03
 7f2:	9c 81       	ldd	r25, Y+4	; 0x04
 7f4:	8f 3f       	cpi	r24, 0xFF	; 255
 7f6:	2f ef       	ldi	r18, 0xFF	; 255
 7f8:	92 07       	cpc	r25, r18
 7fa:	79 f4       	brne	.+30     	; 0x81a <_Z41__static_initialization_and_destruction_0ii+0x8e>
 7fc:	88 e1       	ldi	r24, 0x18	; 24
 7fe:	92 e0       	ldi	r25, 0x02	; 2
 800:	83 dd       	rcall	.-1274   	; 0x308 <_ZN4GPIOD1Ev>
 802:	84 e1       	ldi	r24, 0x14	; 20
 804:	92 e0       	ldi	r25, 0x02	; 2
 806:	80 dd       	rcall	.-1280   	; 0x308 <_ZN4GPIOD1Ev>
 808:	80 e1       	ldi	r24, 0x10	; 16
 80a:	92 e0       	ldi	r25, 0x02	; 2
 80c:	7d dd       	rcall	.-1286   	; 0x308 <_ZN4GPIOD1Ev>

//LEDS PLACA (acende com '1')
GPIO led13(13, GPIO::OUTPUT);	//PB7

//Adicionar LED
GPIO led4(4, GPIO::OUTPUT);		//PG5
 80e:	8c e0       	ldi	r24, 0x0C	; 12
 810:	92 e0       	ldi	r25, 0x02	; 2
 812:	7a dd       	rcall	.-1292   	; 0x308 <_ZN4GPIOD1Ev>
 814:	88 e0       	ldi	r24, 0x08	; 8
//LEDS PLACA (acende com '0')
GPIO led0(0, GPIO::OUTPUT);		//PE0
GPIO led1(1, GPIO::OUTPUT);		//PE1

//LEDS PLACA (acende com '1')
GPIO led13(13, GPIO::OUTPUT);	//PB7
 816:	92 e0       	ldi	r25, 0x02	; 2
 818:	77 dd       	rcall	.-1298   	; 0x308 <_ZN4GPIOD1Ev>
 81a:	0f 90       	pop	r0
 81c:	0f 90       	pop	r0
#include "GPIO.h"


//LEDS PLACA (acende com '0')
GPIO led0(0, GPIO::OUTPUT);		//PE0
GPIO led1(1, GPIO::OUTPUT);		//PE1
 81e:	0f 90       	pop	r0
 820:	0f 90       	pop	r0
 822:	df 91       	pop	r29
 824:	cf 91       	pop	r28
#include <util/delay.h>
#include "GPIO.h"


//LEDS PLACA (acende com '0')
GPIO led0(0, GPIO::OUTPUT);		//PE0
 826:	08 95       	ret

00000828 <_GLOBAL__sub_I_led0>:
		led4.toggle();
		led13.toggle();
		_delay_ms(1000);
	}

}
 828:	cf 93       	push	r28
 82a:	df 93       	push	r29
 82c:	cd b7       	in	r28, 0x3d	; 61
 82e:	de b7       	in	r29, 0x3e	; 62
 830:	6f ef       	ldi	r22, 0xFF	; 255
 832:	7f ef       	ldi	r23, 0xFF	; 255
 834:	81 e0       	ldi	r24, 0x01	; 1
 836:	90 e0       	ldi	r25, 0x00	; 0
 838:	a9 df       	rcall	.-174    	; 0x78c <_Z41__static_initialization_and_destruction_0ii>
 83a:	df 91       	pop	r29
 83c:	cf 91       	pop	r28
 83e:	08 95       	ret

00000840 <_GLOBAL__sub_D_led0>:
 840:	cf 93       	push	r28
 842:	df 93       	push	r29
 844:	cd b7       	in	r28, 0x3d	; 61
 846:	de b7       	in	r29, 0x3e	; 62
 848:	6f ef       	ldi	r22, 0xFF	; 255
 84a:	7f ef       	ldi	r23, 0xFF	; 255
 84c:	80 e0       	ldi	r24, 0x00	; 0
 84e:	90 e0       	ldi	r25, 0x00	; 0
 850:	9d df       	rcall	.-198    	; 0x78c <_Z41__static_initialization_and_destruction_0ii>
 852:	df 91       	pop	r29
 854:	cf 91       	pop	r28
 856:	08 95       	ret

00000858 <__tablejump2__>:
 858:	ee 0f       	add	r30, r30
 85a:	ff 1f       	adc	r31, r31

0000085c <__tablejump__>:
 85c:	05 90       	lpm	r0, Z+
 85e:	f4 91       	lpm	r31, Z
 860:	e0 2d       	mov	r30, r0
 862:	19 94       	eijmp

00000864 <__tablejump_elpm__>:
 864:	07 90       	elpm	r0, Z+
 866:	f6 91       	elpm	r31, Z
 868:	e0 2d       	mov	r30, r0
 86a:	19 94       	eijmp

0000086c <__cmpsf2>:
 86c:	2f d0       	rcall	.+94     	; 0x8cc <__fp_cmp>
 86e:	08 f4       	brcc	.+2      	; 0x872 <__cmpsf2+0x6>
 870:	81 e0       	ldi	r24, 0x01	; 1
 872:	08 95       	ret

00000874 <__fixunssfsi>:
 874:	57 d0       	rcall	.+174    	; 0x924 <__fp_splitA>
 876:	88 f0       	brcs	.+34     	; 0x89a <__fixunssfsi+0x26>
 878:	9f 57       	subi	r25, 0x7F	; 127
 87a:	90 f0       	brcs	.+36     	; 0x8a0 <__fixunssfsi+0x2c>
 87c:	b9 2f       	mov	r27, r25
 87e:	99 27       	eor	r25, r25
 880:	b7 51       	subi	r27, 0x17	; 23
 882:	a0 f0       	brcs	.+40     	; 0x8ac <__fixunssfsi+0x38>
 884:	d1 f0       	breq	.+52     	; 0x8ba <__fixunssfsi+0x46>
 886:	66 0f       	add	r22, r22
 888:	77 1f       	adc	r23, r23
 88a:	88 1f       	adc	r24, r24
 88c:	99 1f       	adc	r25, r25
 88e:	1a f0       	brmi	.+6      	; 0x896 <__fixunssfsi+0x22>
 890:	ba 95       	dec	r27
 892:	c9 f7       	brne	.-14     	; 0x886 <__fixunssfsi+0x12>
 894:	12 c0       	rjmp	.+36     	; 0x8ba <__fixunssfsi+0x46>
 896:	b1 30       	cpi	r27, 0x01	; 1
 898:	81 f0       	breq	.+32     	; 0x8ba <__fixunssfsi+0x46>
 89a:	5e d0       	rcall	.+188    	; 0x958 <__fp_zero>
 89c:	b1 e0       	ldi	r27, 0x01	; 1
 89e:	08 95       	ret
 8a0:	5b c0       	rjmp	.+182    	; 0x958 <__fp_zero>
 8a2:	67 2f       	mov	r22, r23
 8a4:	78 2f       	mov	r23, r24
 8a6:	88 27       	eor	r24, r24
 8a8:	b8 5f       	subi	r27, 0xF8	; 248
 8aa:	39 f0       	breq	.+14     	; 0x8ba <__fixunssfsi+0x46>
 8ac:	b9 3f       	cpi	r27, 0xF9	; 249
 8ae:	cc f3       	brlt	.-14     	; 0x8a2 <__fixunssfsi+0x2e>
 8b0:	86 95       	lsr	r24
 8b2:	77 95       	ror	r23
 8b4:	67 95       	ror	r22
 8b6:	b3 95       	inc	r27
 8b8:	d9 f7       	brne	.-10     	; 0x8b0 <__fixunssfsi+0x3c>
 8ba:	3e f4       	brtc	.+14     	; 0x8ca <__fixunssfsi+0x56>
 8bc:	90 95       	com	r25
 8be:	80 95       	com	r24
 8c0:	70 95       	com	r23
 8c2:	61 95       	neg	r22
 8c4:	7f 4f       	sbci	r23, 0xFF	; 255
 8c6:	8f 4f       	sbci	r24, 0xFF	; 255
 8c8:	9f 4f       	sbci	r25, 0xFF	; 255
 8ca:	08 95       	ret

000008cc <__fp_cmp>:
 8cc:	99 0f       	add	r25, r25
 8ce:	00 08       	sbc	r0, r0
 8d0:	55 0f       	add	r21, r21
 8d2:	aa 0b       	sbc	r26, r26
 8d4:	e0 e8       	ldi	r30, 0x80	; 128
 8d6:	fe ef       	ldi	r31, 0xFE	; 254
 8d8:	16 16       	cp	r1, r22
 8da:	17 06       	cpc	r1, r23
 8dc:	e8 07       	cpc	r30, r24
 8de:	f9 07       	cpc	r31, r25
 8e0:	c0 f0       	brcs	.+48     	; 0x912 <__fp_cmp+0x46>
 8e2:	12 16       	cp	r1, r18
 8e4:	13 06       	cpc	r1, r19
 8e6:	e4 07       	cpc	r30, r20
 8e8:	f5 07       	cpc	r31, r21
 8ea:	98 f0       	brcs	.+38     	; 0x912 <__fp_cmp+0x46>
 8ec:	62 1b       	sub	r22, r18
 8ee:	73 0b       	sbc	r23, r19
 8f0:	84 0b       	sbc	r24, r20
 8f2:	95 0b       	sbc	r25, r21
 8f4:	39 f4       	brne	.+14     	; 0x904 <__fp_cmp+0x38>
 8f6:	0a 26       	eor	r0, r26
 8f8:	61 f0       	breq	.+24     	; 0x912 <__fp_cmp+0x46>
 8fa:	23 2b       	or	r18, r19
 8fc:	24 2b       	or	r18, r20
 8fe:	25 2b       	or	r18, r21
 900:	21 f4       	brne	.+8      	; 0x90a <__fp_cmp+0x3e>
 902:	08 95       	ret
 904:	0a 26       	eor	r0, r26
 906:	09 f4       	brne	.+2      	; 0x90a <__fp_cmp+0x3e>
 908:	a1 40       	sbci	r26, 0x01	; 1
 90a:	a6 95       	lsr	r26
 90c:	8f ef       	ldi	r24, 0xFF	; 255
 90e:	81 1d       	adc	r24, r1
 910:	81 1d       	adc	r24, r1
 912:	08 95       	ret

00000914 <__fp_split3>:
 914:	57 fd       	sbrc	r21, 7
 916:	90 58       	subi	r25, 0x80	; 128
 918:	44 0f       	add	r20, r20
 91a:	55 1f       	adc	r21, r21
 91c:	59 f0       	breq	.+22     	; 0x934 <__fp_splitA+0x10>
 91e:	5f 3f       	cpi	r21, 0xFF	; 255
 920:	71 f0       	breq	.+28     	; 0x93e <__fp_splitA+0x1a>
 922:	47 95       	ror	r20

00000924 <__fp_splitA>:
 924:	88 0f       	add	r24, r24
 926:	97 fb       	bst	r25, 7
 928:	99 1f       	adc	r25, r25
 92a:	61 f0       	breq	.+24     	; 0x944 <__fp_splitA+0x20>
 92c:	9f 3f       	cpi	r25, 0xFF	; 255
 92e:	79 f0       	breq	.+30     	; 0x94e <__fp_splitA+0x2a>
 930:	87 95       	ror	r24
 932:	08 95       	ret
 934:	12 16       	cp	r1, r18
 936:	13 06       	cpc	r1, r19
 938:	14 06       	cpc	r1, r20
 93a:	55 1f       	adc	r21, r21
 93c:	f2 cf       	rjmp	.-28     	; 0x922 <__fp_split3+0xe>
 93e:	46 95       	lsr	r20
 940:	f1 df       	rcall	.-30     	; 0x924 <__fp_splitA>
 942:	08 c0       	rjmp	.+16     	; 0x954 <__fp_splitA+0x30>
 944:	16 16       	cp	r1, r22
 946:	17 06       	cpc	r1, r23
 948:	18 06       	cpc	r1, r24
 94a:	99 1f       	adc	r25, r25
 94c:	f1 cf       	rjmp	.-30     	; 0x930 <__fp_splitA+0xc>
 94e:	86 95       	lsr	r24
 950:	71 05       	cpc	r23, r1
 952:	61 05       	cpc	r22, r1
 954:	08 94       	sec
 956:	08 95       	ret

00000958 <__fp_zero>:
 958:	e8 94       	clt

0000095a <__fp_szero>:
 95a:	bb 27       	eor	r27, r27
 95c:	66 27       	eor	r22, r22
 95e:	77 27       	eor	r23, r23
 960:	cb 01       	movw	r24, r22
 962:	97 f9       	bld	r25, 7
 964:	08 95       	ret

00000966 <__gesf2>:
 966:	b2 df       	rcall	.-156    	; 0x8cc <__fp_cmp>
 968:	08 f4       	brcc	.+2      	; 0x96c <__gesf2+0x6>
 96a:	8f ef       	ldi	r24, 0xFF	; 255
 96c:	08 95       	ret

0000096e <__mulsf3>:
 96e:	0b d0       	rcall	.+22     	; 0x986 <__mulsf3x>
 970:	78 c0       	rjmp	.+240    	; 0xa62 <__fp_round>
 972:	69 d0       	rcall	.+210    	; 0xa46 <__fp_pscA>
 974:	28 f0       	brcs	.+10     	; 0x980 <__mulsf3+0x12>
 976:	6e d0       	rcall	.+220    	; 0xa54 <__fp_pscB>
 978:	18 f0       	brcs	.+6      	; 0x980 <__mulsf3+0x12>
 97a:	95 23       	and	r25, r21
 97c:	09 f0       	breq	.+2      	; 0x980 <__mulsf3+0x12>
 97e:	5a c0       	rjmp	.+180    	; 0xa34 <__fp_inf>
 980:	5f c0       	rjmp	.+190    	; 0xa40 <__fp_nan>
 982:	11 24       	eor	r1, r1
 984:	ea cf       	rjmp	.-44     	; 0x95a <__fp_szero>

00000986 <__mulsf3x>:
 986:	c6 df       	rcall	.-116    	; 0x914 <__fp_split3>
 988:	a0 f3       	brcs	.-24     	; 0x972 <__mulsf3+0x4>

0000098a <__mulsf3_pse>:
 98a:	95 9f       	mul	r25, r21
 98c:	d1 f3       	breq	.-12     	; 0x982 <__mulsf3+0x14>
 98e:	95 0f       	add	r25, r21
 990:	50 e0       	ldi	r21, 0x00	; 0
 992:	55 1f       	adc	r21, r21
 994:	62 9f       	mul	r22, r18
 996:	f0 01       	movw	r30, r0
 998:	72 9f       	mul	r23, r18
 99a:	bb 27       	eor	r27, r27
 99c:	f0 0d       	add	r31, r0
 99e:	b1 1d       	adc	r27, r1
 9a0:	63 9f       	mul	r22, r19
 9a2:	aa 27       	eor	r26, r26
 9a4:	f0 0d       	add	r31, r0
 9a6:	b1 1d       	adc	r27, r1
 9a8:	aa 1f       	adc	r26, r26
 9aa:	64 9f       	mul	r22, r20
 9ac:	66 27       	eor	r22, r22
 9ae:	b0 0d       	add	r27, r0
 9b0:	a1 1d       	adc	r26, r1
 9b2:	66 1f       	adc	r22, r22
 9b4:	82 9f       	mul	r24, r18
 9b6:	22 27       	eor	r18, r18
 9b8:	b0 0d       	add	r27, r0
 9ba:	a1 1d       	adc	r26, r1
 9bc:	62 1f       	adc	r22, r18
 9be:	73 9f       	mul	r23, r19
 9c0:	b0 0d       	add	r27, r0
 9c2:	a1 1d       	adc	r26, r1
 9c4:	62 1f       	adc	r22, r18
 9c6:	83 9f       	mul	r24, r19
 9c8:	a0 0d       	add	r26, r0
 9ca:	61 1d       	adc	r22, r1
 9cc:	22 1f       	adc	r18, r18
 9ce:	74 9f       	mul	r23, r20
 9d0:	33 27       	eor	r19, r19
 9d2:	a0 0d       	add	r26, r0
 9d4:	61 1d       	adc	r22, r1
 9d6:	23 1f       	adc	r18, r19
 9d8:	84 9f       	mul	r24, r20
 9da:	60 0d       	add	r22, r0
 9dc:	21 1d       	adc	r18, r1
 9de:	82 2f       	mov	r24, r18
 9e0:	76 2f       	mov	r23, r22
 9e2:	6a 2f       	mov	r22, r26
 9e4:	11 24       	eor	r1, r1
 9e6:	9f 57       	subi	r25, 0x7F	; 127
 9e8:	50 40       	sbci	r21, 0x00	; 0
 9ea:	8a f0       	brmi	.+34     	; 0xa0e <__mulsf3_pse+0x84>
 9ec:	e1 f0       	breq	.+56     	; 0xa26 <__mulsf3_pse+0x9c>
 9ee:	88 23       	and	r24, r24
 9f0:	4a f0       	brmi	.+18     	; 0xa04 <__mulsf3_pse+0x7a>
 9f2:	ee 0f       	add	r30, r30
 9f4:	ff 1f       	adc	r31, r31
 9f6:	bb 1f       	adc	r27, r27
 9f8:	66 1f       	adc	r22, r22
 9fa:	77 1f       	adc	r23, r23
 9fc:	88 1f       	adc	r24, r24
 9fe:	91 50       	subi	r25, 0x01	; 1
 a00:	50 40       	sbci	r21, 0x00	; 0
 a02:	a9 f7       	brne	.-22     	; 0x9ee <__mulsf3_pse+0x64>
 a04:	9e 3f       	cpi	r25, 0xFE	; 254
 a06:	51 05       	cpc	r21, r1
 a08:	70 f0       	brcs	.+28     	; 0xa26 <__mulsf3_pse+0x9c>
 a0a:	14 c0       	rjmp	.+40     	; 0xa34 <__fp_inf>
 a0c:	a6 cf       	rjmp	.-180    	; 0x95a <__fp_szero>
 a0e:	5f 3f       	cpi	r21, 0xFF	; 255
 a10:	ec f3       	brlt	.-6      	; 0xa0c <__mulsf3_pse+0x82>
 a12:	98 3e       	cpi	r25, 0xE8	; 232
 a14:	dc f3       	brlt	.-10     	; 0xa0c <__mulsf3_pse+0x82>
 a16:	86 95       	lsr	r24
 a18:	77 95       	ror	r23
 a1a:	67 95       	ror	r22
 a1c:	b7 95       	ror	r27
 a1e:	f7 95       	ror	r31
 a20:	e7 95       	ror	r30
 a22:	9f 5f       	subi	r25, 0xFF	; 255
 a24:	c1 f7       	brne	.-16     	; 0xa16 <__mulsf3_pse+0x8c>
 a26:	fe 2b       	or	r31, r30
 a28:	88 0f       	add	r24, r24
 a2a:	91 1d       	adc	r25, r1
 a2c:	96 95       	lsr	r25
 a2e:	87 95       	ror	r24
 a30:	97 f9       	bld	r25, 7
 a32:	08 95       	ret

00000a34 <__fp_inf>:
 a34:	97 f9       	bld	r25, 7
 a36:	9f 67       	ori	r25, 0x7F	; 127
 a38:	80 e8       	ldi	r24, 0x80	; 128
 a3a:	70 e0       	ldi	r23, 0x00	; 0
 a3c:	60 e0       	ldi	r22, 0x00	; 0
 a3e:	08 95       	ret

00000a40 <__fp_nan>:
 a40:	9f ef       	ldi	r25, 0xFF	; 255
 a42:	80 ec       	ldi	r24, 0xC0	; 192
 a44:	08 95       	ret

00000a46 <__fp_pscA>:
 a46:	00 24       	eor	r0, r0
 a48:	0a 94       	dec	r0
 a4a:	16 16       	cp	r1, r22
 a4c:	17 06       	cpc	r1, r23
 a4e:	18 06       	cpc	r1, r24
 a50:	09 06       	cpc	r0, r25
 a52:	08 95       	ret

00000a54 <__fp_pscB>:
 a54:	00 24       	eor	r0, r0
 a56:	0a 94       	dec	r0
 a58:	12 16       	cp	r1, r18
 a5a:	13 06       	cpc	r1, r19
 a5c:	14 06       	cpc	r1, r20
 a5e:	05 06       	cpc	r0, r21
 a60:	08 95       	ret

00000a62 <__fp_round>:
 a62:	09 2e       	mov	r0, r25
 a64:	03 94       	inc	r0
 a66:	00 0c       	add	r0, r0
 a68:	11 f4       	brne	.+4      	; 0xa6e <__fp_round+0xc>
 a6a:	88 23       	and	r24, r24
 a6c:	52 f0       	brmi	.+20     	; 0xa82 <__fp_round+0x20>
 a6e:	bb 0f       	add	r27, r27
 a70:	40 f4       	brcc	.+16     	; 0xa82 <__fp_round+0x20>
 a72:	bf 2b       	or	r27, r31
 a74:	11 f4       	brne	.+4      	; 0xa7a <__fp_round+0x18>
 a76:	60 ff       	sbrs	r22, 0
 a78:	04 c0       	rjmp	.+8      	; 0xa82 <__fp_round+0x20>
 a7a:	6f 5f       	subi	r22, 0xFF	; 255
 a7c:	7f 4f       	sbci	r23, 0xFF	; 255
 a7e:	8f 4f       	sbci	r24, 0xFF	; 255
 a80:	9f 4f       	sbci	r25, 0xFF	; 255
 a82:	08 95       	ret

00000a84 <__do_global_dtors>:
 a84:	11 e0       	ldi	r17, 0x01	; 1
 a86:	c2 e0       	ldi	r28, 0x02	; 2
 a88:	d1 e0       	ldi	r29, 0x01	; 1
 a8a:	00 e0       	ldi	r16, 0x00	; 0
 a8c:	05 c0       	rjmp	.+10     	; 0xa98 <__do_global_dtors+0x14>
 a8e:	22 97       	sbiw	r28, 0x02	; 2
 a90:	01 09       	sbc	r16, r1
 a92:	fe 01       	movw	r30, r28
 a94:	0b bf       	out	0x3b, r16	; 59
 a96:	e6 de       	rcall	.-564    	; 0x864 <__tablejump_elpm__>
 a98:	c4 30       	cpi	r28, 0x04	; 4
 a9a:	d1 07       	cpc	r29, r17
 a9c:	80 e0       	ldi	r24, 0x00	; 0
 a9e:	08 07       	cpc	r16, r24
 aa0:	b1 f7       	brne	.-20     	; 0xa8e <__do_global_dtors+0xa>
 aa2:	f8 94       	cli

00000aa4 <__stop_program>:
 aa4:	ff cf       	rjmp	.-2      	; 0xaa4 <__stop_program>
